 at iteration 500, match long value: 0.0008826722086550962 | match short value: 0.02984171849290088 
 at iteration 1000, match long value: 0.002979878577531148 | match short value: 0.04090055890286947 
 at iteration 1500, match long value: 0.0015266429766628278 | match short value: 0.010436674796551304 
 at iteration 2000, match long value: 0.005172929371008453 | match short value: 0.03835690417255259 
 at iteration 2500, match long value: 0.0017691583001479259 | match short value: 0.01613161202500831 
 at iteration 3000, match long value: 0.0005217193505605433 | match short value: 0.013574396173757101 
 at iteration 3500, match long value: 0.0031941542057358453 | match short value: 0.023539935963379763 
 at iteration 4000, match long value: 0.0013635426803515589 | match short value: 0.024512778629526603 
 at iteration 4500, match long value: 0.002568243225426991 | match short value: 0.001440272316220032 
 at iteration 5000, match long value: -0.00018219821869737367 | match short value: -0.04753947805760835 
 at iteration 5500, match long value: 0.0024358928998311977 | match short value: 0.019730068213196953 
 at iteration 6000, match long value: 0.0016643113154255935 | match short value: -0.04735513326670888 
 at iteration 6500, match long value: 0.007416170777349136 | match short value: 0.006046663714664266 
 at iteration 7000, match long value: 0.0170722826426082 | match short value: 0.012995974924388134 
 at iteration 7500, match long value: 0.012766680733362078 | match short value: 0.010298403845630048 
 at iteration 8000, match long value: -0.0037408196233114396 | match short value: -0.0316196900044925 
 at iteration 8500, match long value: -0.0002879048777902155 | match short value: 0.05715099080415077 
 at iteration 9000, match long value: 0.008517701254486953 | match short value: -0.02005681049849841 
 at iteration 9500, match long value: 0.0057851729441993445 | match short value: -0.008892085493818595 
 at iteration 10000, match long value: 0.008237059105481368 | match short value: -0.03232010248130437 
 at iteration 10500, match long value: 0.004914749246455435 | match short value: -0.022048943514723276 
 at iteration 11000, match long value: 0.008887381544286855 | match short value: 0.03458398304073883 
 at iteration 11500, match long value: 0.004639123807264876 | match short value: 0.02278819602559046 
 at iteration 12000, match long value: 0.005000460363244925 | match short value: -0.03601918790194446 
 at iteration 12500, match long value: 0.008821741059909103 | match short value: -0.007466807936948838 
 at iteration 13000, match long value: -0.0007688224595340789 | match short value: -0.022917598284669112 
 at iteration 13500, match long value: 0.0012167882476788506 | match short value: -0.003993837003443631 
 at iteration 14000, match long value: 0.011727350484754394 | match short value: -0.006727474881689553 
 at iteration 14500, match long value: 0.006586635524705466 | match short value: 0.011407784723837628 
 at iteration 15000, match long value: 0.00606235971397445 | match short value: 0.004392038827193054 
 at iteration 15500, match long value: -0.0013226823885717242 | match short value: 0.010376322948973005 
 at iteration 16000, match long value: 0.008256429402066853 | match short value: 0.03194168002585827 
 at iteration 16500, match long value: 0.0027057267642309818 | match short value: -0.01813744828976096 
 at iteration 17000, match long value: 0.0049257696073296085 | match short value: 0.011620882254489815 
 at iteration 17500, match long value: 0.00500760007768898 | match short value: 0.021167920261884143 
 at iteration 18000, match long value: 0.0030214580216541415 | match short value: 0.0046355284971801676 
 at iteration 18500, match long value: 0.004908699975261303 | match short value: 0.019275575216995938 
 at iteration 19000, match long value: 0.0032613849997996003 | match short value: 0.0027890616437016183 
 at iteration 19500, match long value: 0.00921555588131656 | match short value: 0.08237601696433508 
 at iteration 20000, match long value: 0.008766124757162338 | match short value: 0.07303756607184994 
 at iteration 20500, match long value: 0.005410501076299552 | match short value: -0.015200690101082144 
 at iteration 21000, match long value: 0.0006838186449019098 | match short value: 0.028175152610323183 
 at iteration 21500, match long value: 0.0026598934984452564 | match short value: 0.017040272108806067 
 at iteration 22000, match long value: 0.009536389006309296 | match short value: 0.011643090968459849 
 at iteration 22500, match long value: 0.00448008271938572 | match short value: 0.01946987033711012 
 at iteration 23000, match long value: 0.006609796162524065 | match short value: 0.027850779092435322 
 at iteration 23500, match long value: 0.0032848053409547415 | match short value: 0.012776516549655531 
 at iteration 24000, match long value: 0.008401309456653369 | match short value: 0.013135600871994325 
 at iteration 24500, match long value: 0.007149691669250104 | match short value: -0.01983390710587618 
 at iteration 25000, match long value: -0.004367209120073061 | match short value: -0.00614329259759184 
 at iteration 25500, match long value: 0.005504578662090632 | match short value: -0.011848804171734539 
 at iteration 26000, match long value: 0.002990696410349605 | match short value: 0.013851200805063968 
 at iteration 26500, match long value: 0.00917060326911001 | match short value: 0.004418858764373713 
 at iteration 27000, match long value: 0.010461884092881598 | match short value: 0.016199212812178676 
 at iteration 27500, match long value: 0.014342531328249643 | match short value: 0.009979181283578595 
 at iteration 28000, match long value: 0.007916381374278612 | match short value: 0.007022398380894916 
 at iteration 28500, match long value: 0.0039054817708267997 | match short value: 0.034906500789572664 
 at iteration 29000, match long value: 0.006041492021332272 | match short value: 0.07045395646052036 
 at iteration 29500, match long value: 0.003375769950797011 | match short value: -0.007783122904809872 
 at iteration 30000, match long value: 0.006437142900099755 | match short value: 0.07932408635128842 
 at iteration 30500, match long value: -0.005106466563616548 | match short value: 0.022369011301580234 
 at iteration 31000, match long value: 0.010652390573342524 | match short value: 0.02204703910534162 
 at iteration 31500, match long value: 0.00221667170579751 | match short value: 0.03535002728142608 
 at iteration 32000, match long value: 0.00831043769939946 | match short value: 0.03651941969197287 
 at iteration 32500, match long value: 0.0002555675150546628 | match short value: 0.009430605937624126 
 at iteration 33000, match long value: 0.006041386303928828 | match short value: 0.0325949754276574 
 at iteration 33500, match long value: -0.0002634558304579559 | match short value: 0.011572654817806968 
 at iteration 34000, match long value: 0.002100433496378136 | match short value: 0.007812708084413743 
 at iteration 34500, match long value: 0.008476190510335286 | match short value: 0.05793614412792147 
 at iteration 35000, match long value: 0.006958946205695299 | match short value: -0.0046147451139988095 
 at iteration 35500, match long value: 0.005140316855047855 | match short value: 0.03410368149790233 
 at iteration 36000, match long value: 0.004295194379697839 | match short value: 0.018860979679381707 
 at iteration 36500, match long value: 0.0015869009578464435 | match short value: 0.049550473181345187 
 at iteration 37000, match long value: 0.002605731703110605 | match short value: 0.008584675928618146 
 at iteration 37500, match long value: 0.0038111441181008987 | match short value: 5.9860950126362176e-05 
 at iteration 38000, match long value: -0.00019940679955920428 | match short value: 0.0036156770011439862 
 at iteration 38500, match long value: 0.006330108028729303 | match short value: -0.009101999352222142 
 at iteration 39000, match long value: 0.0011711860868607613 | match short value: 0.004917235124804372 
 at iteration 39500, match long value: 0.0023992093258335544 | match short value: 0.02745122489791761 
 at iteration 40000, match long value: 0.004286352235649401 | match short value: -0.010678317404457672 
 at iteration 40500, match long value: 0.004569573530713547 | match short value: -0.011505590324088898 
 at iteration 41000, match long value: 0.005222849150688423 | match short value: -0.002256563736563244 
 at iteration 41500, match long value: 0.001458865720588949 | match short value: 0.013479753761843741 
 at iteration 42000, match long value: 0.005292401689819218 | match short value: -0.004811304216228357 
 at iteration 42500, match long value: 0.008988840541776726 | match short value: -0.0061092588537915065 
 at iteration 43000, match long value: 0.0033110225016168117 | match short value: 0.007059835561341695 
 at iteration 43500, match long value: 0.0013545785825839428 | match short value: 0.007044735535434071 
 at iteration 44000, match long value: -0.0006455865025591166 | match short value: 0.0038337479511789244 
 at iteration 44500, match long value: 0.005006370047475872 | match short value: 0.006337255633965266 
 at iteration 45000, match long value: 0.0034691829933209406 | match short value: 0.012932047551508346 
 at iteration 45500, match long value: 0.006020092348873303 | match short value: 0.007120464427942291 
 at iteration 46000, match long value: 0.005855163242498608 | match short value: 0.027376970166238485 
 at iteration 46500, match long value: 0.009423922672554309 | match short value: 0.013862482292967392 
 at iteration 47000, match long value: 0.007595247478417947 | match short value: 0.017566939638065975 
 at iteration 47500, match long value: 0.008729135984980034 | match short value: 0.013709560859197417 
 at iteration 48000, match long value: 0.0029522152035718558 | match short value: 0.0035848254840441193 
 at iteration 48500, match long value: 0.006307781981743923 | match short value: 0.00939919538439886 
 at iteration 49000, match long value: 0.008669761118699422 | match short value: 0.008480528222379932 
 at iteration 49500, match long value: 0.004288316615588636 | match short value: 0.008428594814671928 
 at iteration 50000, match long value: 0.001758284043547125 | match short value: 0.012908243393980178 
 at iteration 50500, match long value: 0.008285115760903747 | match short value: 0.0014021644461074294 
 at iteration 51000, match long value: 0.008374332798406978 | match short value: 0.0004490569467690507 
 at iteration 51500, match long value: 0.0074413169785364965 | match short value: 0.013416350925457893 
 at iteration 52000, match long value: 0.009486256191041448 | match short value: 0.012560721819281508 
 at iteration 52500, match long value: 0.005362085514597396 | match short value: 0.015102166872630883 
 at iteration 53000, match long value: 0.005889814569478893 | match short value: 0.006256405800848496 
 at iteration 53500, match long value: 0.008452426061310551 | match short value: 0.02757352151185268 
 at iteration 54000, match long value: 0.0029962586220083917 | match short value: 0.0039408386661952816 
 at iteration 54500, match long value: 0.007635690394012901 | match short value: 0.02432800423876789 
 at iteration 55000, match long value: 0.00400696009813845 | match short value: 0.014419166312682277 
 at iteration 55500, match long value: 0.007401810096089445 | match short value: 0.014387122753973983 
 at iteration 56000, match long value: 0.005059489434731158 | match short value: 0.03533464934658875 
 at iteration 56500, match long value: 0.005791419587416457 | match short value: 0.015746227663469354 
 at iteration 57000, match long value: 0.004740125583306194 | match short value: 0.021152617690399684 
 at iteration 57500, match long value: 0.006072770572440249 | match short value: 0.020918064332316605 
 at iteration 58000, match long value: 0.004347423638337678 | match short value: 0.018052657246958707 
 at iteration 58500, match long value: 0.004875960878288281 | match short value: 0.04429055113792149 
 at iteration 59000, match long value: 0.007378613321883218 | match short value: 0.036923484449543915 
 at iteration 59500, match long value: 0.00401974332754952 | match short value: 0.025437594355553674 
 at iteration 60000, match long value: 0.005437238276622759 | match short value: 0.026266926960707666 
 at iteration 60500, match long value: 0.00681835835804916 | match short value: 0.03200237570328183 
 at iteration 61000, match long value: 0.004877378150162316 | match short value: 0.021953984097512473 
 at iteration 61500, match long value: 0.004696728016108835 | match short value: 0.021540913221620443 
 at iteration 62000, match long value: 0.006815166735537367 | match short value: 0.025071536246315987 
 at iteration 62500, match long value: 0.007211330687567921 | match short value: 0.028346109279557115 
 at iteration 63000, match long value: 0.005812410391867727 | match short value: 0.039021610423890934 
 at iteration 63500, match long value: 0.006255098771788176 | match short value: 0.03745755844377679 
 at iteration 64000, match long value: 0.0064766211000897855 | match short value: 0.03297542534798717 
 at iteration 64500, match long value: 0.0057276781557874835 | match short value: 0.031837224706421884 
 at iteration 65000, match long value: 0.005810743972944718 | match short value: 0.03154781048150928 
 at iteration 65500, match long value: 0.007649175463132578 | match short value: 0.01917807705982405 
 at iteration 66000, match long value: 0.009002645766384577 | match short value: 0.03723813610414035 
 at iteration 66500, match long value: 0.006066654263203505 | match short value: 0.03099075260717896 
 at iteration 67000, match long value: 0.006481106523957998 | match short value: 0.036085242052036635 
 at iteration 67500, match long value: 0.00344610708719159 | match short value: 0.012592597992468315 
 at iteration 68000, match long value: 0.005231874190161236 | match short value: 0.018278823399833468 
 at iteration 68500, match long value: 0.0071946237097332486 | match short value: 0.014092039262915133 
 at iteration 69000, match long value: 0.003356384479431594 | match short value: 0.001357338392814422 
 at iteration 69500, match long value: 0.008370305089046869 | match short value: 0.02820857659948909 
 at iteration 70000, match long value: 0.006267560463297555 | match short value: 0.029150007437713562 
 at iteration 70500, match long value: 0.004980731426124788 | match short value: 0.0237388207216999 
 at iteration 71000, match long value: 0.00850907398109096 | match short value: 0.03913450969041598 
 at iteration 71500, match long value: 0.005997802378802033 | match short value: 0.02523874793990696 
 at iteration 72000, match long value: 0.0064293663465786145 | match short value: 0.033674620540049736 
 at iteration 72500, match long value: 0.006631043926292095 | match short value: 0.03358415819554067 
 at iteration 73000, match long value: 0.005126449285192424 | match short value: 0.029029499682197122 
 at iteration 73500, match long value: 0.003924452520428447 | match short value: 0.020370088701207024 
 at iteration 74000, match long value: 0.005917685216142529 | match short value: 0.016412042516434674 
 at iteration 74500, match long value: 0.005266435575541261 | match short value: 0.028119536100495793 
 at iteration 75000, match long value: 0.006419057666550589 | match short value: 0.025219298361124038 
 at iteration 75500, match long value: 0.006833591420893321 | match short value: 0.025923816805161832 
 at iteration 76000, match long value: 0.007207862250565403 | match short value: 0.036383463531623896 
 at iteration 76500, match long value: 0.0056467629038089735 | match short value: 0.020151853444052632 
 at iteration 77000, match long value: 0.003284228188477295 | match short value: 0.03554451754658599 
 at iteration 77500, match long value: 0.008772992187545986 | match short value: 0.030611127661628882 
 at iteration 78000, match long value: 0.008752988860911597 | match short value: 0.03748753227973915 
 at iteration 78500, match long value: 0.010239378762715209 | match short value: 0.027068324256747964 
 at iteration 79000, match long value: 0.007832014043622144 | match short value: 0.037646330239943494 
 at iteration 79500, match long value: 0.006376888466825274 | match short value: 0.03206691253660628 
 at iteration 80000, match long value: 0.007273416747592353 | match short value: 0.03226901809608411 
 at iteration 80500, match long value: 0.010172905714814924 | match short value: 0.04320762528439691 
 at iteration 81000, match long value: 0.006834834220289323 | match short value: 0.02715567038189637 
 at iteration 81500, match long value: 0.007530127893672173 | match short value: 0.04046968713034825 
 at iteration 82000, match long value: 0.004992621882562284 | match short value: 0.042944337328326254 
 at iteration 82500, match long value: 0.005777393610091232 | match short value: 0.04461328310332094 
 at iteration 83000, match long value: 0.006570436559004555 | match short value: 0.03535448919695278 
 at iteration 83500, match long value: 0.006614979463152664 | match short value: 0.03467220001951997 
 at iteration 84000, match long value: 0.006242664528210058 | match short value: 0.04234540678782041 
 at iteration 84500, match long value: 0.006277198709186706 | match short value: 0.034221858461262036 
 at iteration 85000, match long value: 0.009360403451507427 | match short value: 0.03746464934163168 
 at iteration 85500, match long value: 0.004552412892972333 | match short value: 0.026667300860370956 
 at iteration 86000, match long value: 0.008499152839250883 | match short value: 0.030371483251838537 
 at iteration 86500, match long value: 0.007075493041523701 | match short value: 0.03085518386876132 
 at iteration 87000, match long value: 0.0062032602326631105 | match short value: 0.036311012975698255 
 at iteration 87500, match long value: 0.0070926357630807695 | match short value: 0.029480166002096093 
 at iteration 88000, match long value: 0.006124177581949644 | match short value: 0.038565405830023346 
 at iteration 88500, match long value: 0.003424668280928649 | match short value: 0.03142035672163595 
 at iteration 89000, match long value: 0.005878538117279204 | match short value: 0.02939765963630625 
 at iteration 89500, match long value: 0.006313627543407744 | match short value: 0.03334794501232282 
 at iteration 90000, match long value: 0.006799536190612982 | match short value: 0.02397543163429771 
 at iteration 90500, match long value: 0.006470642128075132 | match short value: 0.02707297582913055 
 at iteration 91000, match long value: 0.005556959978273072 | match short value: 0.03476148823725043 
 at iteration 91500, match long value: 0.007270606690012696 | match short value: 0.0357236569984262 
 at iteration 92000, match long value: 0.006969120965164954 | match short value: 0.03597406351704995 
 at iteration 92500, match long value: 0.0026718477973745706 | match short value: 0.0234668342589134 
 at iteration 93000, match long value: 0.00636749234030601 | match short value: 0.02684059123799877 
 at iteration 93500, match long value: 0.004419658150605474 | match short value: 0.02733018333779321 
 at iteration 94000, match long value: 0.005177449533444328 | match short value: 0.02057805476154834 
 at iteration 94500, match long value: 0.004033359142832879 | match short value: 0.0255492225543013 
 at iteration 95000, match long value: 0.006230521997039715 | match short value: 0.025839601559202997 
 at iteration 95500, match long value: 0.005399413477186285 | match short value: 0.022548949028133872 
 at iteration 96000, match long value: 0.006357465901926777 | match short value: 0.03689481806870747 
 at iteration 96500, match long value: 0.0067871049135366235 | match short value: 0.03230944704555021 
 at iteration 97000, match long value: 0.005917700030441659 | match short value: 0.02813587431781028 
 at iteration 97500, match long value: 0.0060090122444883005 | match short value: 0.023307505375352304 
 at iteration 98000, match long value: 0.0062871691767048 | match short value: 0.024250622421225793 
 at iteration 98500, match long value: 0.007005326331000999 | match short value: 0.025700994968027663 
 at iteration 99000, match long value: 0.00623351392441345 | match short value: 0.030591200676171205 
 at iteration 99500, match long value: 0.006838752522698429 | match short value: 0.027168314561696248 
 at iteration 100000, match long value: 0.005408438851886511 | match short value: 0.027380796570175833 
 at iteration 100500, match long value: 0.006279799193437903 | match short value: 0.028341908876213222 
 at iteration 101000, match long value: 0.006196369826031818 | match short value: 0.018669790764365524 
 at iteration 101500, match long value: 0.006927424109141691 | match short value: 0.02849860765287331 
 at iteration 102000, match long value: 0.005552624127126595 | match short value: 0.01847845177304061 
 at iteration 102500, match long value: 0.007911883363471957 | match short value: 0.030499156480020946 
 at iteration 103000, match long value: 0.007036732146726844 | match short value: 0.021405377744122718 
 at iteration 103500, match long value: 0.006184314262848389 | match short value: 0.02719843842568143 
 at iteration 104000, match long value: 0.008254399062747721 | match short value: 0.02969400411670541 
 at iteration 104500, match long value: 0.005641662393115448 | match short value: 0.027154940362476294 
 at iteration 105000, match long value: 0.0056793125950646015 | match short value: 0.029432745793909292 
 at iteration 105500, match long value: 0.006873971315771679 | match short value: 0.027893800713969793 
 at iteration 106000, match long value: 0.007882830431975825 | match short value: 0.031942387711212675 
 at iteration 106500, match long value: 0.006989955354060256 | match short value: 0.03418277294261665 
 at iteration 107000, match long value: 0.008577069979665959 | match short value: 0.026601969667796932 
 at iteration 107500, match long value: 0.0073811634118592755 | match short value: 0.0288024639632799 
 at iteration 108000, match long value: 0.007212960353917077 | match short value: 0.027913716143720773 
 at iteration 108500, match long value: 0.006959821143624404 | match short value: 0.03159696050841379 
 at iteration 109000, match long value: 0.007012249435436952 | match short value: 0.03973576570949263 
 at iteration 109500, match long value: 0.007672072679255726 | match short value: 0.02695798659379887 
 at iteration 110000, match long value: 0.007741267427903299 | match short value: 0.03185834864182687 
 at iteration 110500, match long value: 0.007408320334872522 | match short value: 0.026612235654459828 
 at iteration 111000, match long value: 0.009019329273660736 | match short value: 0.026887501187654466 
 at iteration 111500, match long value: 0.006414211194568939 | match short value: 0.03316393788207812 
 at iteration 112000, match long value: 0.007272301064533052 | match short value: 0.032494994477690116 
 at iteration 112500, match long value: 0.006469100463149801 | match short value: 0.028155501838971354 
 at iteration 113000, match long value: 0.007174075059142231 | match short value: 0.03568697297222073 
 at iteration 113500, match long value: 0.00574803372846594 | match short value: 0.028371239630807236 
 at iteration 114000, match long value: 0.005624263836864147 | match short value: 0.030510457851024568 
 at iteration 114500, match long value: 0.007353463524491406 | match short value: 0.03753343545548178 
 at iteration 115000, match long value: 0.007026435983000461 | match short value: 0.027203208287115307 
 at iteration 115500, match long value: 0.008160247634001852 | match short value: 0.032838057236430004 
 at iteration 116000, match long value: 0.00816188077269539 | match short value: 0.034722565082040316 
 at iteration 116500, match long value: 0.006244045255388401 | match short value: 0.027359210106345355 
 at iteration 117000, match long value: 0.008180500793510471 | match short value: 0.034177129008338095 
 at iteration 117500, match long value: 0.007235585975877314 | match short value: 0.03189072293022446 
 at iteration 118000, match long value: 0.00843649769825965 | match short value: 0.030653667181670327 
 at iteration 118500, match long value: 0.008370237778913398 | match short value: 0.03645150894668984 
 at iteration 119000, match long value: 0.008972782145023941 | match short value: 0.03547149715226673 
 at iteration 119500, match long value: 0.007715391460917407 | match short value: 0.039796819006026427 
 at iteration 120000, match long value: 0.00669284080312589 | match short value: 0.03634110880799461 
 at iteration 120500, match long value: 0.0075898802925733555 | match short value: 0.037743644713914545 
 at iteration 121000, match long value: 0.006295139742607951 | match short value: 0.03589486764549381 
 at iteration 121500, match long value: 0.009859983027955797 | match short value: 0.035693742516040204 
 at iteration 122000, match long value: 0.010361999605505436 | match short value: 0.03369626478585281 
 at iteration 122500, match long value: 0.007378187346224319 | match short value: 0.039817964078918286 
 at iteration 123000, match long value: 0.008538614157010153 | match short value: 0.032925185088252595 
 at iteration 123500, match long value: 0.006998521276568626 | match short value: 0.03745165545206415 
 at iteration 124000, match long value: 0.006750809078622927 | match short value: 0.03702670309421391 
 at iteration 124500, match long value: 0.008495763778926363 | match short value: 0.03751536311806615 
 at iteration 125000, match long value: 0.008353634189103789 | match short value: 0.034877984714475355 
 at iteration 125500, match long value: 0.008374302771730744 | match short value: 0.033087957700429216 
 at iteration 126000, match long value: 0.00818249372696065 | match short value: 0.031631806386301864 
 at iteration 126500, match long value: 0.007999814831308677 | match short value: 0.03290226662207384 
 at iteration 127000, match long value: 0.010000341162099802 | match short value: 0.03126286590994992 
 at iteration 127500, match long value: 0.008180197350270616 | match short value: 0.03349194542225355 
 at iteration 128000, match long value: 0.006516457444331965 | match short value: 0.029495310701304785 
 at iteration 128500, match long value: 0.008452431979407756 | match short value: 0.034592676177242127 
 at iteration 129000, match long value: 0.009039279506588446 | match short value: 0.034643103719498865 
 at iteration 129500, match long value: 0.008435438613923004 | match short value: 0.03416989303552033 
 at iteration 130000, match long value: 0.008438719967190091 | match short value: 0.03880104072765089 
 at iteration 130500, match long value: 0.007912827900799434 | match short value: 0.04205476579316904 
 at iteration 131000, match long value: 0.009438548305577969 | match short value: 0.041745666031812206 
 at iteration 131500, match long value: 0.008892993648865186 | match short value: 0.03773235000945927 
 at iteration 132000, match long value: 0.007858955234051088 | match short value: 0.036510727031288305 
 at iteration 132500, match long value: 0.009346357881249398 | match short value: 0.030189624803364165 
 at iteration 133000, match long value: 0.009222373160446553 | match short value: 0.03508771627759498 
 at iteration 133500, match long value: 0.006808247337696173 | match short value: 0.035728897379849245 
 at iteration 134000, match long value: 0.00876606377931649 | match short value: 0.023173660803572756 
 at iteration 134500, match long value: 0.00825010995601345 | match short value: 0.037381819890262576 
 at iteration 135000, match long value: 0.00773146923214033 | match short value: 0.04069240317523594 
 at iteration 135500, match long value: 0.0077753604763286365 | match short value: 0.03446692326466339 
 at iteration 136000, match long value: 0.005842493031616041 | match short value: 0.03248520675253516 
 at iteration 136500, match long value: 0.006710296334534459 | match short value: 0.03610922260852776 
 at iteration 137000, match long value: 0.007902541009305281 | match short value: 0.03726533614334615 
 at iteration 137500, match long value: 0.009195996539409983 | match short value: 0.036526696711281545 
 at iteration 138000, match long value: 0.00808833652166187 | match short value: 0.03966598684727171 
 at iteration 138500, match long value: 0.008246299443044796 | match short value: 0.034643083636205524 
 at iteration 139000, match long value: 0.008271931089270266 | match short value: 0.03292851937582698 
 at iteration 139500, match long value: 0.007040283550931591 | match short value: 0.027365749388863755 
 at iteration 140000, match long value: 0.008900835694876945 | match short value: 0.03262609915697521 
 at iteration 140500, match long value: 0.008016189342712296 | match short value: 0.03609116099364482 
 at iteration 141000, match long value: 0.009365259951556786 | match short value: 0.04126186682352395 
 at iteration 141500, match long value: 0.00979804962584229 | match short value: 0.037160437183085905 
 at iteration 142000, match long value: 0.007445131503318343 | match short value: 0.036317154888958335 
 at iteration 142500, match long value: 0.009008124408279146 | match short value: 0.03598536611303913 
 at iteration 143000, match long value: 0.008583933066767498 | match short value: 0.026870572537228337 
 at iteration 143500, match long value: 0.008820357151518703 | match short value: 0.03439211177597463 
 at iteration 144000, match long value: 0.009580397916781978 | match short value: 0.03618783751437008 
 at iteration 144500, match long value: 0.007703235980962704 | match short value: 0.0384786759966099 
 at iteration 145000, match long value: 0.006634242566638213 | match short value: 0.03662492097646128 
 at iteration 145500, match long value: 0.010122483697245421 | match short value: 0.03605124248110748 
 at iteration 146000, match long value: 0.009037478381553042 | match short value: 0.03131200109011097 
 at iteration 146500, match long value: 0.007431666888452369 | match short value: 0.03749543916526736 
 at iteration 147000, match long value: 0.008687371741848908 | match short value: 0.035170992048223625 
 at iteration 147500, match long value: 0.008144476263678932 | match short value: 0.03500657411496402 
 at iteration 148000, match long value: 0.008744007175561947 | match short value: 0.03734018331947277 
 at iteration 148500, match long value: 0.008548600133539454 | match short value: 0.039075574356591085 
 at iteration 149000, match long value: 0.009799788641870226 | match short value: 0.03854903043765952 
 at iteration 149500, match long value: 0.009725086154628023 | match short value: 0.03760126580473759 
 at iteration 150000, match long value: 0.00907001968271653 | match short value: 0.04068135186013027 
 at iteration 150500, match long value: 0.01188848370648672 | match short value: 0.03571002122982236 
 at iteration 151000, match long value: 0.0078062984115780274 | match short value: 0.032798444128122405 
 at iteration 151500, match long value: 0.010394552411373761 | match short value: 0.040614867481013034 
 at iteration 152000, match long value: 0.011459630494542915 | match short value: 0.036789142752682906 
 at iteration 152500, match long value: 0.009760272760171084 | match short value: 0.03928657181536835 
 at iteration 153000, match long value: 0.009963034937582774 | match short value: 0.04226176184998282 
 at iteration 153500, match long value: 0.010627424979442223 | match short value: 0.02632556409665145 
 at iteration 154000, match long value: 0.009761430576342893 | match short value: 0.03232192247230912 
 at iteration 154500, match long value: 0.00892744348433046 | match short value: 0.0281393077620182 
 at iteration 155000, match long value: 0.008546515510805057 | match short value: 0.03767223169631785 
 at iteration 155500, match long value: 0.010706882832311063 | match short value: 0.029737312991779945 
 at iteration 156000, match long value: 0.009841122810030632 | match short value: 0.035836191353532394 
 at iteration 156500, match long value: 0.007407750724475815 | match short value: 0.03613811976292097 
 at iteration 157000, match long value: 0.010594797233238681 | match short value: 0.03292839285657113 
 at iteration 157500, match long value: 0.009405883046150162 | match short value: 0.031636490392224846 
 at iteration 158000, match long value: 0.009150668102475881 | match short value: 0.0327917734469603 
 at iteration 158500, match long value: 0.008209533110862779 | match short value: 0.0331157196841661 
 at iteration 159000, match long value: 0.009331689420985428 | match short value: 0.03242767692043207 
 at iteration 159500, match long value: 0.008012548206028728 | match short value: 0.03543479216416127 
 at iteration 160000, match long value: 0.009900047804237394 | match short value: 0.026729829100800507 
 at iteration 160500, match long value: 0.008419996467770119 | match short value: 0.029869374315279782 
 at iteration 161000, match long value: 0.01080133098708777 | match short value: 0.03585125395305158 
 at iteration 161500, match long value: 0.009517298279740167 | match short value: 0.03212721785395461 
 at iteration 162000, match long value: 0.009102821608650453 | match short value: 0.03510847657130331 
 at iteration 162500, match long value: 0.00976931781620361 | match short value: 0.0346301664570718 
 at iteration 163000, match long value: 0.006504749951273851 | match short value: 0.022151960795778552 
 at iteration 163500, match long value: 0.008245989384060593 | match short value: 0.02709527421597465 
 at iteration 164000, match long value: 0.008725655578790325 | match short value: 0.029531126640564814 
 at iteration 164500, match long value: 0.00907208809649415 | match short value: 0.026712066782937832 
 at iteration 165000, match long value: 0.008671765751298164 | match short value: 0.02722917767889949 
 at iteration 165500, match long value: 0.008059209466414436 | match short value: 0.025016889909502505 
 at iteration 166000, match long value: 0.009474934111947083 | match short value: 0.03339893456071751 
 at iteration 166500, match long value: 0.008688575415974347 | match short value: 0.030724455623661197 
 at iteration 167000, match long value: 0.009412640668899219 | match short value: 0.028445951963312916 
 at iteration 167500, match long value: 0.007517598950697539 | match short value: 0.03593976181336709 
 at iteration 168000, match long value: 0.007280353732105808 | match short value: 0.02570783065741127 
 at iteration 168500, match long value: 0.00821952791875317 | match short value: 0.030258553135789984 
 at iteration 169000, match long value: 0.008784577047249697 | match short value: 0.0319077274477476 
 at iteration 169500, match long value: 0.01020088534331252 | match short value: 0.02853861179383812 
 at iteration 170000, match long value: 0.008368116495915208 | match short value: 0.030603289520884064 
 at iteration 170500, match long value: 0.009053965152796899 | match short value: 0.033103573110904616 
 at iteration 171000, match long value: 0.009846174047329818 | match short value: 0.029343771605572885 
 at iteration 171500, match long value: 0.009151484198937973 | match short value: 0.032966713672313165 
 at iteration 172000, match long value: 0.008794907021493496 | match short value: 0.02683421297458256 
 at iteration 172500, match long value: 0.008022206324441507 | match short value: 0.03385423945502984 
 at iteration 173000, match long value: 0.008531836012625192 | match short value: 0.03457214115074909 
 at iteration 173500, match long value: 0.01039481059279951 | match short value: 0.030640679715749457 
 at iteration 174000, match long value: 0.009034424584872372 | match short value: 0.032283781364492024 
 at iteration 174500, match long value: 0.00913811433751609 | match short value: 0.03376988012709275 
 at iteration 175000, match long value: 0.01160188774938263 | match short value: 0.03900170978587489 
 at iteration 175500, match long value: 0.009503568092167727 | match short value: 0.026957857651241375 
 at iteration 176000, match long value: 0.010490925731050042 | match short value: 0.03317300063936054 
 at iteration 176500, match long value: 0.011519684253234278 | match short value: 0.033485760235662125 
 at iteration 177000, match long value: 0.007995515978563177 | match short value: 0.02978645844710445 
 at iteration 177500, match long value: 0.009382100620281338 | match short value: 0.040833283177496404 
 at iteration 178000, match long value: 0.008545891942535529 | match short value: 0.029053120108633715 
 at iteration 178500, match long value: 0.00851550367855127 | match short value: 0.03923773001419009 
 at iteration 179000, match long value: 0.010213239030014393 | match short value: 0.03203727630209436 
 at iteration 179500, match long value: 0.007650429011242185 | match short value: 0.03498249248998204 
 at iteration 180000, match long value: 0.011627473344541242 | match short value: 0.036557167569269224 
 at iteration 180500, match long value: 0.008803666854354828 | match short value: 0.03291725475996193 
 at iteration 181000, match long value: 0.009779097479097406 | match short value: 0.03797626668516231 
 at iteration 181500, match long value: 0.010285174219412415 | match short value: 0.03182710448578046 
 at iteration 182000, match long value: 0.00915535740366254 | match short value: 0.03175895740983606 
 at iteration 182500, match long value: 0.008139773260779283 | match short value: 0.028400731142633386 
 at iteration 183000, match long value: 0.010835805438587942 | match short value: 0.03402901259969728 
 at iteration 183500, match long value: 0.009867882400333894 | match short value: 0.02959641779710024 
 at iteration 184000, match long value: 0.008007119828594552 | match short value: 0.02649673887197747 
 at iteration 184500, match long value: 0.00904034103087163 | match short value: 0.03449840643073106 
 at iteration 185000, match long value: 0.007714152981350699 | match short value: 0.029056593962590655 
 at iteration 185500, match long value: 0.00871572106898182 | match short value: 0.032665895237589775 
 at iteration 186000, match long value: 0.009199147404307887 | match short value: 0.0349594340565991 
 at iteration 186500, match long value: 0.007875113275889165 | match short value: 0.0301014139348391 
 at iteration 187000, match long value: 0.007685947939411432 | match short value: 0.0283886003782541 
 at iteration 187500, match long value: 0.008716282782305728 | match short value: 0.028382147550785868 
 at iteration 188000, match long value: 0.010066300646439949 | match short value: 0.021689643541295295 
 at iteration 188500, match long value: 0.008443823380654662 | match short value: 0.02829329661696233 
 at iteration 189000, match long value: 0.007198657303123411 | match short value: 0.024469655835712992 
 at iteration 189500, match long value: 0.007415003068758392 | match short value: 0.03228010754645569 
 at iteration 190000, match long value: 0.007401776888513478 | match short value: 0.028007836678117074 
 at iteration 190500, match long value: 0.008077943872180233 | match short value: 0.03273545417419869 
 at iteration 191000, match long value: 0.007867482692841456 | match short value: 0.02668408366777419 
 at iteration 191500, match long value: 0.009647971237534681 | match short value: 0.035246526636439963 
 at iteration 192000, match long value: 0.007476882572722299 | match short value: 0.015830778145721154 
 at iteration 192500, match long value: 0.01094658078466269 | match short value: 0.030519958642363332 
 at iteration 193000, match long value: 0.00937271246186875 | match short value: 0.03402060832589851 
 at iteration 193500, match long value: 0.00831072309592058 | match short value: 0.035669734371394264 
 at iteration 194000, match long value: 0.010281946628286602 | match short value: 0.033325090118438906 
 at iteration 194500, match long value: 0.009807651744540156 | match short value: 0.03033567484697449 
 at iteration 195000, match long value: 0.008039615837633532 | match short value: 0.028712360845981003 
 at iteration 195500, match long value: 0.012003172698716003 | match short value: 0.0321679054898175 
 at iteration 196000, match long value: 0.009891403187959566 | match short value: 0.03112007974727167 
 at iteration 196500, match long value: 0.01098240730019163 | match short value: 0.035097768773531164 
 at iteration 197000, match long value: 0.010485461445900447 | match short value: 0.0337312469975003 
 at iteration 197500, match long value: 0.01119786921938171 | match short value: 0.0341456142849297 
 at iteration 198000, match long value: 0.010759606645284131 | match short value: 0.030936613867164446 
 at iteration 198500, match long value: 0.011192606174488948 | match short value: 0.04131828295566256 
 at iteration 199000, match long value: 0.010740652699595286 | match short value: 0.03370941324025698 
 at iteration 199500, match long value: 0.012390715706226988 | match short value: 0.04170915233382932 
 at iteration 200000, match long value: 0.010657126104109802 | match short value: 0.03881672709143159 
