 at iteration 500, match long value: 0.0011605112495240327 | match short value: 0.019676115992471748 
 at iteration 1000, match long value: 0.001305984535178022 | match short value: 0.02493577873348988 
 at iteration 1500, match long value: 0.0013199325367931013 | match short value: 0.017527291528781255 
 at iteration 2000, match long value: 4.677141232891406e-05 | match short value: -0.0022298297418027204 
 at iteration 2500, match long value: 0.0009392717878881689 | match short value: 0.009333466422590043 
 at iteration 3000, match long value: 0.001046301355478694 | match short value: -0.007681360992047134 
 at iteration 3500, match long value: 0.003147490109555821 | match short value: 0.00855956883722807 
 at iteration 4000, match long value: 0.005326727714209906 | match short value: 0.01639648839480421 
 at iteration 4500, match long value: 0.0021327255922030937 | match short value: 0.012301835104456019 
 at iteration 5000, match long value: 0.00627795903462642 | match short value: -0.018503755467173234 
 at iteration 5500, match long value: 0.006297584225754647 | match short value: 0.03624938877968978 
 at iteration 6000, match long value: 0.0024178760996495475 | match short value: 0.010794997810666873 
 at iteration 6500, match long value: 0.005602140517465603 | match short value: 0.03013577808505266 
 at iteration 7000, match long value: 0.0018467114605622524 | match short value: -0.04635529469033603 
 at iteration 7500, match long value: 0.013486362379114086 | match short value: -0.015062045082788867 
 at iteration 8000, match long value: 0.006769473088153232 | match short value: -0.02730216666806583 
 at iteration 8500, match long value: 0.0058164422793951995 | match short value: -0.04718268702171878 
 at iteration 9000, match long value: 0.0020662965621656656 | match short value: -0.03364817865173323 
 at iteration 9500, match long value: 0.007256680471798105 | match short value: -0.008399359040954783 
 at iteration 10000, match long value: 0.005996477185757027 | match short value: 0.015246487524455154 
 at iteration 10500, match long value: 0.012628706263515144 | match short value: 0.022391853773364192 
 at iteration 11000, match long value: -0.0023703957996087342 | match short value: -0.04734827961062023 
 at iteration 11500, match long value: 0.006615929266951882 | match short value: -0.0032349974539730435 
 at iteration 12000, match long value: 0.009072494128957515 | match short value: 0.02152848250422629 
 at iteration 12500, match long value: 0.004657965890719699 | match short value: -0.008475144116243323 
 at iteration 13000, match long value: 0.004617617474645407 | match short value: -0.03287058280601329 
 at iteration 13500, match long value: 0.006476417360652864 | match short value: 0.00860225413580336 
 at iteration 14000, match long value: 0.005632387314937408 | match short value: -0.009006322436388612 
 at iteration 14500, match long value: 0.007190713510384619 | match short value: -0.019527978435993285 
 at iteration 15000, match long value: 0.006128545502984964 | match short value: 0.01190838978560674 
 at iteration 15500, match long value: 0.006790344749226475 | match short value: -0.009922865024047663 
 at iteration 16000, match long value: 0.004656365347008725 | match short value: -0.006938893326582231 
 at iteration 16500, match long value: 0.005813606466764835 | match short value: -0.011864865835936052 
 at iteration 17000, match long value: 0.005092244054290499 | match short value: -0.027977671673066185 
 at iteration 17500, match long value: 0.004985581100985622 | match short value: 0.000988988158197718 
 at iteration 18000, match long value: 0.0034548900365235853 | match short value: 0.00816466083579158 
 at iteration 18500, match long value: 0.0008223274098051151 | match short value: -0.012875532069876874 
 at iteration 19000, match long value: 0.006888342485436751 | match short value: 0.024775426589066032 
 at iteration 19500, match long value: 0.007015894929559641 | match short value: -0.00424118368984006 
 at iteration 20000, match long value: 0.005614450384431502 | match short value: 0.03731200168115949 
 at iteration 20500, match long value: 0.0073038775558253765 | match short value: 0.06169005625396952 
 at iteration 21000, match long value: 0.008251873967696517 | match short value: 0.012148238321843538 
 at iteration 21500, match long value: 0.006799287915294638 | match short value: 0.006768384572802991 
 at iteration 22000, match long value: 0.008007302817025459 | match short value: -0.01905329649375194 
 at iteration 22500, match long value: 0.0033841231677090504 | match short value: -0.020227410213924244 
 at iteration 23000, match long value: -0.004064764637181343 | match short value: -0.03721919826915813 
 at iteration 23500, match long value: 0.0037732816221843117 | match short value: 0.00223861246389141 
 at iteration 24000, match long value: 0.007723715372129153 | match short value: 0.024699309418844396 
 at iteration 24500, match long value: 0.00169066119626734 | match short value: -0.03088609924594526 
 at iteration 25000, match long value: 0.006378430558706886 | match short value: 0.012534215135122314 
 at iteration 25500, match long value: 0.0051008316757610575 | match short value: -0.008664879453363698 
 at iteration 26000, match long value: 0.0017543016088920759 | match short value: -0.016394585881187692 
 at iteration 26500, match long value: -0.00011318670336718379 | match short value: -0.01681357988135727 
 at iteration 27000, match long value: 0.002041138469605165 | match short value: 0.02232269430617666 
 at iteration 27500, match long value: 0.008486607467689266 | match short value: -0.07124843077947411 
 at iteration 28000, match long value: 0.0027032986096586814 | match short value: 0.027805488284142667 
 at iteration 28500, match long value: 0.0064893749665126 | match short value: 0.01316302669253692 
 at iteration 29000, match long value: 0.0063117003508792666 | match short value: -0.006408793675016987 
 at iteration 29500, match long value: 0.0004915401288318183 | match short value: -0.05055275723608059 
 at iteration 30000, match long value: -0.004487139401765313 | match short value: 0.03409549700944755 
 at iteration 30500, match long value: 0.002517692626743159 | match short value: 0.017959721566599956 
 at iteration 31000, match long value: 0.004422887963325425 | match short value: -0.025151326330330924 
 at iteration 31500, match long value: 0.004929102973587837 | match short value: 0.021199103495079596 
 at iteration 32000, match long value: 0.0015459442472887522 | match short value: 0.002560528264935769 
 at iteration 32500, match long value: -0.0002639269952939131 | match short value: -0.025230011048611816 
 at iteration 33000, match long value: -0.0009070953846630863 | match short value: 0.004038096157541125 
 at iteration 33500, match long value: -0.003047295150065658 | match short value: 0.013756657455341461 
 at iteration 34000, match long value: 0.0019668993171689858 | match short value: -0.02137328451137291 
 at iteration 34500, match long value: -0.0006036146117127879 | match short value: 0.03609495409376255 
 at iteration 35000, match long value: 0.0028489981917303167 | match short value: 0.007401311458788863 
 at iteration 35500, match long value: -0.0036487534877488108 | match short value: -0.02757988935951948 
 at iteration 36000, match long value: 0.00752077162823667 | match short value: 0.01203310933986626 
 at iteration 36500, match long value: -0.00013849083817188556 | match short value: 0.010475187257337062 
 at iteration 37000, match long value: 0.0045061857653554025 | match short value: 0.015071984601083967 
 at iteration 37500, match long value: -0.00021214729783175688 | match short value: -0.003056605530043139 
 at iteration 38000, match long value: -0.0021961330510732145 | match short value: 0.018092463888081143 
 at iteration 38500, match long value: 0.0041227360574253805 | match short value: 0.012693922200946344 
 at iteration 39000, match long value: 0.006843075794085381 | match short value: 0.017316071843765296 
 at iteration 39500, match long value: 0.009986657675700193 | match short value: 0.04223328403342333 
 at iteration 40000, match long value: 0.003201357793136429 | match short value: 0.034763293738524076 
 at iteration 40500, match long value: -0.0016035846453054468 | match short value: -0.04575879611198539 
 at iteration 41000, match long value: -0.0020503944133692235 | match short value: 0.0014777613896196677 
 at iteration 41500, match long value: -0.004300155808991446 | match short value: -0.003164561504171367 
 at iteration 42000, match long value: -0.001480545448295924 | match short value: -0.013809550169659148 
 at iteration 42500, match long value: 0.0014867746131755825 | match short value: -0.001041868362456484 
 at iteration 43000, match long value: 0.0026870720072811713 | match short value: 0.015408733024811123 
 at iteration 43500, match long value: 0.012459874403985088 | match short value: 0.029922181933292973 
 at iteration 44000, match long value: 0.00034533400297155875 | match short value: -0.008397721532142435 
 at iteration 44500, match long value: -0.0001928571549108663 | match short value: -0.00014566486681710686 
 at iteration 45000, match long value: 0.001463953450137807 | match short value: -0.01882259654235106 
 at iteration 45500, match long value: 0.0024470644819214325 | match short value: 0.012257786446010258 
 at iteration 46000, match long value: -0.0023106939764735517 | match short value: 0.010782038822789467 
 at iteration 46500, match long value: 0.003398456468123483 | match short value: -0.018142850540267735 
 at iteration 47000, match long value: -0.008080759829430512 | match short value: -0.03884378872530988 
 at iteration 47500, match long value: -0.005098971211545408 | match short value: -0.02079815363985986 
 at iteration 48000, match long value: 0.007325933966142038 | match short value: -0.0025793266819103193 
 at iteration 48500, match long value: 0.0013129640244584858 | match short value: 0.06770846275027555 
 at iteration 49000, match long value: -0.0011543379874221962 | match short value: 0.0008203097837905812 
 at iteration 49500, match long value: 0.00252681399036391 | match short value: 0.029545521436273512 
 at iteration 50000, match long value: 0.0013170634898610409 | match short value: 0.020088949526502586 
 at iteration 50500, match long value: 0.0025093155967070148 | match short value: 0.016467716671095617 
 at iteration 50500, match long value: 0.0007611334828888072 | match short value: -0.033295250379607615 
 at iteration 51000, match long value: -0.0022877324263111004 | match short value: -0.012294488694367925 
 at iteration 51500, match long value: -0.00593802933459562 | match short value: 0.0037645204906484177 
 at iteration 52000, match long value: 0.0016959624485344091 | match short value: 0.0016801670540078553 
 at iteration 52500, match long value: 0.003346531602909427 | match short value: -0.002355925544866697 
 at iteration 53000, match long value: 0.014250332917911048 | match short value: -0.03429803780140067 
 at iteration 53500, match long value: 0.009129554536225914 | match short value: 0.09633142989393086 
 at iteration 54000, match long value: 2.5609448568392983e-05 | match short value: -0.02529387945458304 
 at iteration 54500, match long value: 0.0021682210839962385 | match short value: 0.003251178282490509 
 at iteration 55000, match long value: -0.00022276614794808895 | match short value: -0.04489625693901334 
 at iteration 55500, match long value: 0.0015557827960836518 | match short value: -0.02070587101137078 
 at iteration 56000, match long value: -8.005774184331682e-05 | match short value: -0.0002739234378224051 
 at iteration 56500, match long value: 0.006349142887351076 | match short value: -0.008005798417374473 
 at iteration 57000, match long value: 0.006423102972635553 | match short value: 0.00735749275531589 
 at iteration 57500, match long value: 0.004609199425954653 | match short value: 0.004273795101956451 
 at iteration 58000, match long value: 0.004916563279321938 | match short value: 0.0006264619625131976 
 at iteration 58500, match long value: -1.4533982792721607e-05 | match short value: -0.00372303059171135 
 at iteration 59000, match long value: 0.0043775422426334445 | match short value: -0.0006861279072046473 
 at iteration 59500, match long value: -0.006318824580767095 | match short value: -0.04167884248687526 
 at iteration 60000, match long value: -0.0019124117881839783 | match short value: -0.07975414148747834 
 at iteration 60500, match long value: -0.0015868224732846052 | match short value: -0.028589354066260342 
 at iteration 61000, match long value: 0.004519019739276598 | match short value: -0.06388128956424448 
 at iteration 61500, match long value: 0.006671687448975671 | match short value: 0.0034148451361432617 
 at iteration 62000, match long value: 0.0014345506354109226 | match short value: -0.003000859605293811 
 at iteration 62500, match long value: -0.0007760548846742385 | match short value: -0.005035308115312173 
 at iteration 63000, match long value: 0.0019904131510708432 | match short value: -0.050940162589276056 
 at iteration 63500, match long value: -0.000704062993888806 | match short value: -0.004634979083116302 
 at iteration 64000, match long value: -0.0010683049036189116 | match short value: -0.03872766543722509 
 at iteration 64500, match long value: -0.010384261314706425 | match short value: -0.0795926079365682 
 at iteration 65000, match long value: 0.0077709730568934375 | match short value: -0.032360593408969116 
 at iteration 65500, match long value: 0.007373052256737187 | match short value: -0.0361693759448513 
 at iteration 66000, match long value: 0.0021846459193774217 | match short value: 0.0004899162737464535 
 at iteration 66500, match long value: 0.0023931440965551673 | match short value: -0.001986893565451881 
 at iteration 67000, match long value: -0.004994539905212982 | match short value: -0.08302927607132377 
 at iteration 67500, match long value: -0.007396704335310297 | match short value: -0.07024376226948172 
 at iteration 68000, match long value: -0.0027303261724954675 | match short value: -0.03497725352454746 
 at iteration 68500, match long value: -0.0006686590216099969 | match short value: -0.04251931398085886 
 at iteration 69000, match long value: 0.003184191845223783 | match short value: -0.1007743912337697 
 at iteration 69500, match long value: -0.00045074748494900704 | match short value: -0.033870821775172956 
 at iteration 70000, match long value: -0.0032712171743773575 | match short value: -0.05192688956081375 
 at iteration 70500, match long value: -0.001696430472977871 | match short value: 0.0019168455438570212 
 at iteration 71000, match long value: 0.0011062324052208336 | match short value: -0.03941508919620693 
 at iteration 71500, match long value: 0.005339667610735468 | match short value: -0.0229899400044587 
 at iteration 72000, match long value: 0.0008107480266848492 | match short value: -0.040230008840841484 
 at iteration 72500, match long value: 0.0015201574824251043 | match short value: -0.0440131349754046 
 at iteration 73000, match long value: 0.003725708384514324 | match short value: -0.10039247780018576 
 at iteration 73500, match long value: -0.005305517170487382 | match short value: -0.014963200269295249 
 at iteration 74000, match long value: 0.007335618219305351 | match short value: -0.029337173566619242 
 at iteration 74500, match long value: 0.0032623281218868176 | match short value: -0.002294165031955415 
 at iteration 75000, match long value: -0.002401570073312522 | match short value: -0.0784369094788345 
 at iteration 75500, match long value: 0.0028931664858853046 | match short value: -1.1441498468833333e-05 
 at iteration 76000, match long value: 0.0033921995210127688 | match short value: -0.08456396662011406 
 at iteration 76500, match long value: -0.0004859135454949273 | match short value: -0.039734604273153645 
 at iteration 77000, match long value: 0.00041660145324179994 | match short value: -0.00807119468962785 
 at iteration 77500, match long value: -0.00044780315994385415 | match short value: -0.015246906683947303 
 at iteration 78000, match long value: -0.002540717047094034 | match short value: -0.008071221873211907 
 at iteration 78500, match long value: 0.005752385295195386 | match short value: -0.06288400598208214 
 at iteration 79000, match long value: 0.002006855625559718 | match short value: -0.015332924116734523 
 at iteration 79500, match long value: -0.0006827567106643283 | match short value: -0.048188496985914965 
 at iteration 80000, match long value: 0.0004695361420749187 | match short value: -0.071615833085064 
 at iteration 80500, match long value: 0.0009146369946100164 | match short value: -0.007374027612870385 
 at iteration 81000, match long value: 0.0028083625208592975 | match short value: -0.04918021108239898 
 at iteration 81500, match long value: -0.000499031690762531 | match short value: -0.03158593897269405 
 at iteration 82000, match long value: -0.0011138266910212507 | match short value: -0.007949105765491335 
 at iteration 82500, match long value: -0.0006210972145443357 | match short value: -0.026851632172964116 
 at iteration 83000, match long value: 0.0005718281943295898 | match short value: -0.08842591286334184 
 at iteration 83500, match long value: -0.0017118465260956882 | match short value: -0.04387199971927047 
 at iteration 84000, match long value: -0.0019075572566245238 | match short value: -0.005140148125729745 
 at iteration 84500, match long value: 0.0011865437303305326 | match short value: -0.03728509645350176 
 at iteration 85000, match long value: 0.0025293522881936286 | match short value: -0.011647802078122238 
 at iteration 85500, match long value: 0.00038189498406070247 | match short value: -0.052222172516658796 
 at iteration 86000, match long value: 0.001122299505350346 | match short value: 0.00047793132771562624 
 at iteration 86500, match long value: 0.00048105005009896335 | match short value: -0.06581796234010007 
 at iteration 87000, match long value: -2.4812630720559353e-05 | match short value: -0.008921347243330264 
 at iteration 87500, match long value: 0.0011756059498884972 | match short value: -0.07124714040321879 
 at iteration 88000, match long value: -0.0003215168936770814 | match short value: -0.03504337289789791 
 at iteration 88500, match long value: 0.008786634889017143 | match short value: 0.0048891444888505805 
 at iteration 89000, match long value: -0.0028105070528103766 | match short value: -0.051439291103446756 
 at iteration 89500, match long value: 0.007566270709713628 | match short value: 0.011227960050864605 
 at iteration 90000, match long value: 0.002674887179975013 | match short value: -0.04925151348812065 
 at iteration 90500, match long value: -0.0023466704337699114 | match short value: -0.030637500037221786 
 at iteration 91000, match long value: 0.0012483850739304497 | match short value: -0.06266460697631245 
 at iteration 91500, match long value: 0.000834363461828037 | match short value: -0.010247330242310037 
 at iteration 92000, match long value: 0.0011179381827608448 | match short value: -0.021305961812555355 
 at iteration 92500, match long value: 0.0027421774442575567 | match short value: -0.03677342753193056 
 at iteration 93000, match long value: -0.0004891586201313798 | match short value: -0.016564891716106218 
 at iteration 93500, match long value: 0.0037909060795870116 | match short value: -0.06502206422852753 
 at iteration 94000, match long value: 0.002093943232194628 | match short value: -0.022870167898028627 
 at iteration 94500, match long value: 0.00435340522791424 | match short value: -0.04853763082439841 
 at iteration 95000, match long value: -0.0015712622563568716 | match short value: -0.011683723341691633 
 at iteration 95500, match long value: 0.004654622859377643 | match short value: -0.03863386037221035 
 at iteration 96000, match long value: 0.0009998188936811178 | match short value: -0.07604732479289597 
 at iteration 96500, match long value: 0.0014042355699084152 | match short value: -0.06290844868556274 
 at iteration 97000, match long value: 0.005685608420105921 | match short value: -0.031163809552567968 
 at iteration 97500, match long value: -0.001961104970702249 | match short value: -0.02074455549410798 
 at iteration 98000, match long value: -0.000673985572982981 | match short value: -0.04366274558808876 
 at iteration 98500, match long value: 0.0036005159219212875 | match short value: -0.01991711854907784 
 at iteration 99000, match long value: 0.0026960035574546183 | match short value: -0.007510742621642861 
 at iteration 99500, match long value: 0.0024522505382031656 | match short value: -0.05236089534372872 
 at iteration 100000, match long value: 0.00023520760121087763 | match short value: -0.0450245444071505 
 at iteration 100500, match long value: 0.0012715080126487316 | match short value: -0.05220944451897617 
 at iteration 101000, match long value: -0.001620278516034315 | match short value: -0.031143818641853872 
 at iteration 101500, match long value: -0.00013090388618637876 | match short value: -0.056963084509917467 
 at iteration 102000, match long value: 0.0022434494539041094 | match short value: -0.026680409337085605 
 at iteration 102500, match long value: 0.00020248592652128623 | match short value: -0.03248050203047041 
 at iteration 103000, match long value: 0.0036664422323982432 | match short value: -0.02277574422382343 
 at iteration 103500, match long value: 0.001036349255068038 | match short value: -0.01637906464915745 
 at iteration 104000, match long value: 0.0004024892744229614 | match short value: -0.00870769391428842 
 at iteration 104500, match long value: -0.006217586439841306 | match short value: -0.025870194405677543 
 at iteration 105000, match long value: -0.004420086720238799 | match short value: -0.03489615961922812 
 at iteration 105500, match long value: 0.0013692886797873913 | match short value: -0.025427538632185977 
 at iteration 106000, match long value: 0.005003050166543319 | match short value: -0.03862796704286586 
 at iteration 106500, match long value: -0.0022379842056379578 | match short value: -0.028430613854393074 
 at iteration 107000, match long value: 0.0053671396419492905 | match short value: -0.03137093489084305 
 at iteration 107500, match long value: -0.0015816959241187322 | match short value: -0.05380908730714129 
 at iteration 108000, match long value: -0.00025652071028229873 | match short value: -0.03907451926585996 
 at iteration 108500, match long value: 0.000820768030993622 | match short value: -0.037545005327190455 
 at iteration 109000, match long value: 0.0031676220137751366 | match short value: -0.024091685069725106 
 at iteration 109500, match long value: 0.001980457762438187 | match short value: -0.03536903912378058 
 at iteration 110000, match long value: -0.002385895545816711 | match short value: -0.04373119478027284 
 at iteration 110500, match long value: -0.0046022413695808746 | match short value: -0.03260222241021225 
 at iteration 111000, match long value: -0.0007074624412814981 | match short value: -0.03689645269725855 
 at iteration 111500, match long value: 0.0023042871698550154 | match short value: -0.041683068920642226 
 at iteration 112000, match long value: -0.0018680858316094267 | match short value: -0.005681657828562612 
 at iteration 112500, match long value: 0.002277602391283642 | match short value: -0.021995419813151573 
 at iteration 113000, match long value: 0.00024579170840570436 | match short value: 0.002023214699734689 
 at iteration 113500, match long value: -0.00036522651102855553 | match short value: -0.049264865802858736 
 at iteration 114000, match long value: -0.0032369092552705005 | match short value: -0.03227817351542004 
 at iteration 114500, match long value: 0.0028419792939448052 | match short value: -0.028396027535073948 
 at iteration 115000, match long value: 0.0034991978402891615 | match short value: -0.04948727641266229 
 at iteration 115500, match long value: -0.0018315841525303684 | match short value: -0.03732920828976299 
 at iteration 116000, match long value: -0.0007694121960451051 | match short value: -0.03494105652753361 
 at iteration 116500, match long value: -0.002852223612561165 | match short value: -0.04046094788110339 
 at iteration 117000, match long value: 0.002332393724669182 | match short value: -0.011603813383053307 
 at iteration 117500, match long value: 0.0057898297805157066 | match short value: -0.015183291259676988 
 at iteration 118000, match long value: -0.00787014147906266 | match short value: -0.05488757306234626 
 at iteration 118500, match long value: 0.0003388876710626328 | match short value: -0.023448045774907375 
 at iteration 119000, match long value: -5.761144733360288e-05 | match short value: -0.03043552113199402 
 at iteration 119500, match long value: -0.0013932831899540728 | match short value: -0.03838601900769208 
 at iteration 120000, match long value: 0.0003138016018267254 | match short value: -0.034741873362200394 
 at iteration 120500, match long value: -0.002564732161458318 | match short value: -0.04996245424878945 
 at iteration 121000, match long value: -0.0019306284912924603 | match short value: -0.04879053125056253 
 at iteration 121500, match long value: -0.0008930133174043189 | match short value: -0.032484703078689885 
 at iteration 122000, match long value: 0.0031314648969407418 | match short value: -0.01978766078697756 
 at iteration 122500, match long value: -0.002032298308203576 | match short value: -0.0319471326751037 
 at iteration 123000, match long value: -0.0034291188006241417 | match short value: -0.02964743008826257 
 at iteration 123500, match long value: -0.0014244538911128374 | match short value: -0.017722280646010686 
 at iteration 124000, match long value: -0.001621450137163022 | match short value: -0.023348109939053376 
 at iteration 124500, match long value: -0.0010940063009877703 | match short value: -0.03256848058997927 
 at iteration 125000, match long value: 0.0006410512989609748 | match short value: -0.032284722129096145 
 at iteration 125500, match long value: 0.0040422561220227905 | match short value: -0.009968120089985032 
 at iteration 126000, match long value: -0.00048061698572414717 | match short value: 0.00036625289441696656 
 at iteration 126500, match long value: -0.00027992658437930564 | match short value: -0.041682384545124074 
 at iteration 127000, match long value: -0.001548373160891493 | match short value: -0.022526544430355004 
 at iteration 127500, match long value: 0.000494935681925016 | match short value: 0.009676689981971841 
 at iteration 128000, match long value: -0.0015184191289370557 | match short value: -0.034297443963964495 
 at iteration 128500, match long value: -0.0006774119853507489 | match short value: -0.017094631892176124 
 at iteration 129000, match long value: 0.0006059347591453024 | match short value: -0.024585812760110022 
 at iteration 129500, match long value: 0.000568865054555517 | match short value: -0.015426557856432196 
 at iteration 130000, match long value: 0.0008812876618144515 | match short value: -0.02450677475485088 
 at iteration 130500, match long value: -0.0036229813296279633 | match short value: -0.019222452881329614 
 at iteration 131000, match long value: 4.4564442772769033e-05 | match short value: -0.04452943052050381 
 at iteration 131500, match long value: -0.0020293983435641784 | match short value: -0.029619828901287903 
 at iteration 132000, match long value: -0.001303321333158161 | match short value: -0.03387065876106817 
 at iteration 132500, match long value: -0.007242377062977583 | match short value: -0.027200379322908416 
 at iteration 133000, match long value: -0.003797926227485861 | match short value: -0.03274741606068985 
 at iteration 133500, match long value: -0.00019556271895387038 | match short value: -0.008158895514061326 
 at iteration 134000, match long value: -0.002757132414563622 | match short value: -0.0035258999169357854 
 at iteration 134500, match long value: 0.0004923134665496399 | match short value: -0.025812638884460157 
 at iteration 135000, match long value: -0.0038563147546282783 | match short value: -0.026945607415179644 
 at iteration 135500, match long value: -0.0024156271485281772 | match short value: -0.019157794818382666 
 at iteration 136000, match long value: -0.003196230747885831 | match short value: 0.005237488493248024 
 at iteration 136500, match long value: 0.0019191312728626033 | match short value: -0.03355854375955075 
 at iteration 137000, match long value: -0.0033080600340546244 | match short value: -0.01833815898408041 
 at iteration 137500, match long value: -0.0021819908058355307 | match short value: -0.037345527356366925 
 at iteration 138000, match long value: 0.0003548096389047502 | match short value: -0.02681718097423695 
 at iteration 138500, match long value: 0.0031543075383484677 | match short value: -0.0013064457975505627 
 at iteration 139000, match long value: 0.002869638507311556 | match short value: -0.04512787400410556 
 at iteration 139500, match long value: 0.000528822377275806 | match short value: -0.02177759320198408 
 at iteration 140000, match long value: -0.00117364672921233 | match short value: -0.016131554100340048 
 at iteration 140500, match long value: -0.003387971157819841 | match short value: -0.035566469580964474 
 at iteration 141000, match long value: -0.002530054993449105 | match short value: -0.014011956426050071 
 at iteration 141500, match long value: -0.0010190784399656645 | match short value: -0.0287362149634243 
 at iteration 142000, match long value: -0.000213445390421934 | match short value: -0.012896910173418877 
 at iteration 142500, match long value: 3.6731346807797536e-06 | match short value: -0.009763760174248173 
 at iteration 143000, match long value: 0.00014722920982097908 | match short value: -0.002530956374195237 
 at iteration 143500, match long value: -0.0014362211838643447 | match short value: -0.028651633206342855 
 at iteration 144000, match long value: 0.00024204138930172212 | match short value: -0.02513978621988031 
 at iteration 144500, match long value: 0.000533442005675229 | match short value: -0.009204454005703088 
 at iteration 145000, match long value: -0.0006684631883382166 | match short value: -0.01848727249324568 
 at iteration 145500, match long value: -0.0009384306340335655 | match short value: -0.011494328297768624 
 at iteration 146000, match long value: -0.0035833731609656253 | match short value: -0.03471639241164772 
 at iteration 146500, match long value: -0.0033864347093947875 | match short value: -0.014258292299927384 
 at iteration 147000, match long value: 0.0009517104268862909 | match short value: -0.015510997461201896 
 at iteration 147500, match long value: 0.0006936730823842429 | match short value: -0.012018929915848449 
 at iteration 148000, match long value: -0.0005251043926004356 | match short value: -0.021902103707868575 
 at iteration 148500, match long value: -0.0016878948177189827 | match short value: -0.011612313155158325 
 at iteration 149000, match long value: -0.0017612724145535468 | match short value: -0.006433430154864216 
 at iteration 149500, match long value: -0.003937008288978446 | match short value: -0.014841595632184198 
 at iteration 150000, match long value: -0.001144513869419475 | match short value: -0.008002307056649194 
 at iteration 150500, match long value: 0.0018433561099994555 | match short value: -0.028467248172761216 
 at iteration 151000, match long value: -0.001888185541562589 | match short value: -0.027399704388299948 
 at iteration 151500, match long value: 0.004391436311607381 | match short value: -0.010085500411761752 
 at iteration 152000, match long value: 0.0009089434024083136 | match short value: -0.021514724200281495 
 at iteration 152500, match long value: -0.0010706031766661236 | match short value: -0.029945236006235207 
 at iteration 153000, match long value: -0.0018882984027271856 | match short value: -0.02363995441968513 
 at iteration 153500, match long value: -0.0017279739174635537 | match short value: -0.03246198931072117 
 at iteration 154000, match long value: -0.0006147201485794253 | match short value: -0.017647402130015914 
 at iteration 154500, match long value: 0.0006601730723763774 | match short value: -0.026486758869020483 
 at iteration 155000, match long value: -0.0038074045931064554 | match short value: -0.008476994151113599 
 at iteration 155500, match long value: 0.0007668789588491392 | match short value: -0.007644358785534166 
 at iteration 156000, match long value: 0.0023165457077642423 | match short value: -0.008848753229791336 
 at iteration 156500, match long value: -0.0010534225250242325 | match short value: -0.004814704646833721 
 at iteration 157000, match long value: -0.00138513630173534 | match short value: -0.013707036371171542 
 at iteration 157500, match long value: -0.001747520427553444 | match short value: -0.03489742029338646 
 at iteration 158000, match long value: -0.0016448625698926688 | match short value: -0.02529847718273754 
 at iteration 158500, match long value: -0.0014501512192666057 | match short value: -0.022937553403138276 
 at iteration 159000, match long value: 0.0003474760993550453 | match short value: -0.015146401038671242 
 at iteration 159500, match long value: -0.001916252678470606 | match short value: -0.012637918381750492 
 at iteration 160000, match long value: -0.0057262625320474245 | match short value: -0.034270274717470246 
 at iteration 160500, match long value: -0.0013389888277156577 | match short value: -0.021190545792339872 
 at iteration 161000, match long value: -0.0005523383216568497 | match short value: -0.006868881947934702 
 at iteration 161500, match long value: -0.002130838388097916 | match short value: -0.014053880144570851 
 at iteration 162000, match long value: 0.0009934057420043858 | match short value: 0.0063196386250058195 
 at iteration 162500, match long value: -0.0009422905365564312 | match short value: 0.0017144433939804428 
 at iteration 163000, match long value: -0.002021548477318565 | match short value: -0.030690848699359098 
 at iteration 163500, match long value: -0.002772938473308064 | match short value: -0.032839605221222486 
 at iteration 164000, match long value: 0.0006821093741016879 | match short value: -0.009177706864441214 
 at iteration 164500, match long value: -0.0041534453653451694 | match short value: -0.02086270379619553 
 at iteration 165000, match long value: -0.002466508027254018 | match short value: -0.0092967522368297 
 at iteration 165500, match long value: -0.005228937370226833 | match short value: -0.020717462313541945 
 at iteration 166000, match long value: 0.0004551809183105807 | match short value: -0.0003216633493471003 
 at iteration 166500, match long value: -0.002709512921240163 | match short value: -0.012539052988549714 
 at iteration 167000, match long value: 0.00042449700760966694 | match short value: -0.002390070630822951 
 at iteration 167500, match long value: -0.002354202351457647 | match short value: -0.01807347484531165 
 at iteration 168000, match long value: -0.00022101850579164757 | match short value: -0.00528771465775186 
 at iteration 168500, match long value: 0.0004790031221682828 | match short value: -0.028300523571510933 
 at iteration 169000, match long value: -0.0025763934322047587 | match short value: -0.021517068573309133 
 at iteration 169500, match long value: -0.00224873427459942 | match short value: -0.0004527102100868556 
 at iteration 170000, match long value: -0.0038889425151792853 | match short value: -0.011686376681422205 
 at iteration 170500, match long value: -0.0026786928567877196 | match short value: -0.010894351432005248 
 at iteration 171000, match long value: -0.00015355641270584918 | match short value: -0.021377922673951194 
 at iteration 171500, match long value: 0.0007295672403840785 | match short value: -0.008039813325061814 
 at iteration 172000, match long value: 0.0014419701972040908 | match short value: -0.019576411511948992 
 at iteration 172500, match long value: -0.0025170502730212955 | match short value: -0.0029934609919223414 
 at iteration 173000, match long value: -0.0019120929504433826 | match short value: -0.026474639953379883 
 at iteration 173500, match long value: -0.0015862274316281657 | match short value: -0.01347106820027157 
 at iteration 174000, match long value: -0.002225802695134517 | match short value: -0.0007522552125074439 
 at iteration 174500, match long value: -0.00016723122245952782 | match short value: -0.018203445349996614 
 at iteration 175000, match long value: 0.00033518343706047133 | match short value: -0.008734062535066511 
 at iteration 175500, match long value: 1.4742172978558847e-05 | match short value: -0.02205948586418585 
 at iteration 176000, match long value: -0.0014354324578996884 | match short value: -0.009177998322484972 
 at iteration 176500, match long value: 2.0456868998630177e-05 | match short value: -8.66947571664501e-05 
 at iteration 177000, match long value: 0.0014379401523094445 | match short value: -0.011541575300760117 
 at iteration 177500, match long value: -0.005209768808743183 | match short value: -0.014639661405516978 
 at iteration 178000, match long value: -0.003385946073238589 | match short value: -0.007204749410762076 
 at iteration 178500, match long value: -0.006014358770920963 | match short value: -0.03409567187065026 
 at iteration 179000, match long value: 0.0013202833407513503 | match short value: -0.016532976556281623 
 at iteration 179500, match long value: -0.001980289190769574 | match short value: -0.00754609959151512 
 at iteration 180000, match long value: -0.004088196350566515 | match short value: -0.026986846351202062 
 at iteration 180500, match long value: -0.005929894445773419 | match short value: -0.02511589645416158 
 at iteration 181000, match long value: -0.0028240199110784723 | match short value: -0.01979850864149106 
 at iteration 181500, match long value: -0.0019179101581766216 | match short value: 0.003966026773565898 
 at iteration 182000, match long value: -0.0020422736295805525 | match short value: -0.038237914828483585 
 at iteration 182500, match long value: -0.00018761768218470453 | match short value: -0.0013585324922756618 
 at iteration 183000, match long value: -0.0026325079937083015 | match short value: -0.027918875908267814 
 at iteration 183500, match long value: -0.0076348626297153875 | match short value: -0.023603969460693992 
 at iteration 184000, match long value: -0.002678545541693547 | match short value: -0.012520266291160561 
 at iteration 184500, match long value: -0.00229245786866282 | match short value: -0.038120396504592924 
 at iteration 185000, match long value: -0.005932018079438671 | match short value: -0.010680294456440491 
 at iteration 185500, match long value: -0.003413962476878728 | match short value: 0.002837537571508638 
 at iteration 186000, match long value: -0.0055286541210296655 | match short value: -0.025991032773002555 
 at iteration 186500, match long value: -0.003688776340472891 | match short value: -0.007258427339571281 
 at iteration 187000, match long value: -0.0034935212765305843 | match short value: -0.015204024013373986 
 at iteration 187500, match long value: -0.004943999885038019 | match short value: -0.009094760961449106 
 at iteration 188000, match long value: -0.0030918924225100098 | match short value: -0.009903290749398275 
 at iteration 188500, match long value: -0.0012439518239543716 | match short value: -0.01766684917633013 
 at iteration 189000, match long value: -0.0006566386403297299 | match short value: -0.03232664114219684 
 at iteration 189500, match long value: -0.0017753473326243148 | match short value: -0.018440404501689375 
 at iteration 190000, match long value: -0.0035685876095797476 | match short value: -0.016648525063411745 
 at iteration 190500, match long value: -0.001798155661242276 | match short value: -0.048446996363562644 
 at iteration 191000, match long value: -0.006647650848428599 | match short value: -0.009563520146526136 
 at iteration 191500, match long value: -0.003970454926248754 | match short value: -0.017076623104906086 
 at iteration 192000, match long value: -0.0012804453717100105 | match short value: -0.006734352958695616 
 at iteration 192500, match long value: -0.0065486402304899775 | match short value: 0.00781824507633128 
 at iteration 193000, match long value: -0.003700788840231632 | match short value: -0.014833886634863215 
 at iteration 193500, match long value: -0.0020810027916040147 | match short value: -0.03751400026896875 
 at iteration 194000, match long value: -0.004372724245101536 | match short value: -0.0172338989819996 
 at iteration 194500, match long value: -0.006674786585048716 | match short value: -0.04332924406131531 
 at iteration 195000, match long value: -0.0007592644204464749 | match short value: 0.000677060163185682 
 at iteration 195500, match long value: -0.0014952199577302771 | match short value: -0.009378011453196037 
 at iteration 196000, match long value: -0.0006330191455293867 | match short value: -0.020978688227095487 
 at iteration 196500, match long value: -0.0011063367528537644 | match short value: -0.007862161102203204 
 at iteration 197000, match long value: -0.0042119618914712945 | match short value: -0.022587281575797143 
 at iteration 197500, match long value: -0.002736735518960767 | match short value: -0.02659263005858731 
 at iteration 198000, match long value: -0.00218852126626987 | match short value: -0.00748276849777969 
 at iteration 198500, match long value: -0.004381689433819595 | match short value: -0.030634260505784543 
 at iteration 199000, match long value: -0.0018374760680082546 | match short value: -0.008452097162245315 
 at iteration 199500, match long value: -0.003669915023508841 | match short value: -0.018229454050292738 
 at iteration 200000, match long value: -0.002548350195800607 | match short value: -0.012320390867300832 
